info: ╔═════════════════════════════════════════════════════════════════════════════╗
info: ║      Slack 3.0.5, linux 4.15.3-2-ARCH on x64 at 02/22/18, 00:40:34:077      ║
info: ╚═════════════════════════════════════════════════════════════════════════════╝
error: Calls failed to load, bailing
info: Feb-22 00:40:52.870 [BOOT] booted! pri:0 version:1519244969 start_ms:1519245646420 (6449ms ago)
info: Feb-22 00:40:54.615 [T9CSC57CM] SOCKET-MANAGER:  Changing from never_connected to prov_connect
info: Feb-22 00:40:54.616 [T9CSC57CM] SOCKET-MANAGER:  will stay in prov_connect state for up to 10000 ms
info: Feb-22 00:40:54.620 [T9CSC57CM] SOCKET-MANAGER:  Changing from prov_connect to prov_connecting
info: Feb-22 00:40:54.621 [T9CSC57CM] SOCKET-MANAGER:  will stay in prov_connecting state for up to 20000 ms
info: Feb-22 00:40:54.648 [INFO] Starting non-incremental boot
info: Feb-22 00:40:56.551 [T9CSC57CM] SOCKET-MANAGER:  Changing from prov_connecting to prov_connected
info: Feb-22 00:40:56.553 [T9CSC57CM] SOCKET-MANAGER:  will stay in prov_connected state for up to 60000 ms
info: Feb-22 00:40:56.558 [INFO] Got start data from Socket Manager; hydrating it
warn: Feb-22 00:40:58.130 TS.client.channel_header.start cannot find channel, im, or group.
error: Feb-22 00:40:58.350 updateEndMarker no channel, no im, no group
warn: Feb-22 00:41:00.204 users.prefs.set cannot be called with TS.api.callImmediately because a one-at-a-time call is already pending, so sending to _kickOffACallOrEnqueue for enqueuing
info: Feb-22 00:41:00.209 [BOOT] _maybeFinalizeOrOpenConnectionToMS will finalize SocketManager
info: Feb-22 00:41:00.210 [T9CSC57CM] SOCKET-MANAGER:  Changing from prov_connected to prov_finalize
info: Feb-22 00:41:00.210 [T9CSC57CM] SOCKET-MANAGER:  will stay in prov_finalize state for up to 10000 ms
info: Feb-22 00:41:00.212 [T9CSC57CM] SOCKET-MANAGER:  Changing from prov_finalize to prov_finalizing
info: Feb-22 00:41:00.212 [T9CSC57CM] SOCKET-MANAGER:  will stay in prov_finalizing state for up to 10000 ms
info: Feb-22 00:41:00.214 [T9CSC57CM] SOCKET-MANAGER:  Changing from prov_finalizing to connected
info: Feb-22 00:41:00.214 [T9CSC57CM] SOCKET-MANAGER:  will stay in connected state for up to Infinity ms
info: Feb-22 00:41:00.216 [BOOT] _maybeFinalizeOrOpenConnectionToMS did finalize SocketManager
info: Feb-22 00:41:00.219 [BOOT] Finished first boot 5636 ms after DOM ready
info: Feb-22 00:41:00.457 [MESSAGE-LIST] requestAround channelId: C9CNTGDJ6 isLoading: false timestamps: 0 reachedStart: false reachedEnd: false
info: Feb-22 00:41:00.461 [HISTORY-FETCH] Fetching history for message pane: C9CNTGDJ6
info: Feb-22 00:41:00.809 [CHECK-UNREADS] Checking unreads after fully booted
info: Feb-22 00:41:00.816 [CHECK-UNREADS] Not marking C9CNTGDJ6, clearing ghost last_read
info: Feb-22 00:41:00.911 [MESSAGE-LIST] componentWillReceiveProps isLoading: true isLoadingOlder: null timestamps: 0
info: Feb-22 00:41:01.621 [UNREAD-COUNTS] Completed users.counts processing
info: Feb-22 00:41:01.655 [UNREAD-COUNTS] Counting unreads in C9CNTGDJ6 because (1) timestamps added
info: Feb-22 00:41:01.659 [UNREAD-COUNTS] Checking unreads in C9CNTGDJ6 after a new message
info: Feb-22 00:41:01.660 [CHECK-UNREADS] Not marking C9CNTGDJ6 because attention not on chat (dialog_is_showing)
info: Feb-22 00:41:01.699 [MESSAGE-LIST] componentWillReceiveProps isLoading: false isLoadingOlder: false timestamps: 1
info: Feb-22 00:41:02.462 [CHECK-UNREADS] unreadLineVisible updated: false -> true
info: Feb-22 00:41:02.842 [CHECK-UNREADS] Checking unreads after unread line became visible
info: Feb-22 00:41:02.843 [CHECK-UNREADS] Not marking C9CNTGDJ6 because attention not on chat (dialog_is_showing)
error: 2018/2/22 00:41:41.889 logging error: {"subtype":"api_call_error","message":"{\"ok\":false,\"error\":\"no_emailtoken\"}","stack":"Error\n    at Object.n [as logError] (https://a.slack-edge.com/bv1-1/rollup-core_required_ts.caaed7b181c6f69f2cb5.min.js:1:74606)\n    at e (https://a.slack-edge.com/bv1-1/rollup-secondary_a_required.946456a6388ef303e353.min.js:1:133602)\n    at e (https://a.slack-edge.com/bv1-1/rollup-secondary_a_required.946456a6388ef303e353.min.js:1:128799)\n    at e (https://a.slack-edge.com/bv1-1/rollup-secondary_a_required.946456a6388ef303e353.min.js:1:130394)\n    at XMLHttpRequest.d.onreadystatechange (https://a.slack-edge.com/bv1-1/rollup-secondary_a_required.946456a6388ef303e353.min.js:1:132092)"}
warn: Feb-22 00:41:41.893 args/data logging skipped, run with ?log_api_failures=1 to enable full logging
info: Feb-22 00:41:49.870 [ACTION:CHANNEL-SIDEBAR] Selected D9CN729FE
info: Feb-22 00:41:49.169 [MESSAGE-LIST] Switching channels: D9CN729FE timestamps: 0
info: Feb-22 00:41:49.171 [MESSAGE-LIST] requestAround channelId: D9CN729FE isLoading: false timestamps: 0 reachedStart: false reachedEnd: false
info: Feb-22 00:41:49.171 [HISTORY-FETCH] Fetching history for message pane: D9CN729FE
info: Feb-22 00:41:49.180 [MESSAGE-LIST] requestAround channelId: D9CN729FE isLoading: false timestamps: 0 reachedStart: false reachedEnd: false
info: Feb-22 00:41:49.180 [MESSAGE-LIST] requestAround channelId: D9CN729FE isLoading: false timestamps: 0 reachedStart: false reachedEnd: false
info: Feb-22 00:41:49.236 [MESSAGE-LIST] componentWillReceiveProps isLoading: true isLoadingOlder: null timestamps: 0
info: Feb-22 00:41:49.454 [MESSAGE-LIST] componentWillReceiveProps isLoading: false isLoadingOlder: false timestamps: 0
info: Feb-22 00:41:49.471 [CHECK-UNREADS] unreadLineVisible updated: false -> true
info: Feb-22 00:41:49.837 [CHECK-UNREADS] Checking unreads after unread line became visible
info: Feb-22 00:41:49.838 [CHECK-UNREADS] Marking D9CN729FE because unread line is visible
info: Feb-22 00:41:49.849 [UNREAD-COUNTS] Counting unreads in D9CN729FE because last_read changed to 1519245656.000000
info: Feb-22 00:41:50.518 [ACTION:CHANNEL-SIDEBAR] Selected D9C6LVD09
info: Feb-22 00:41:50.653 [MESSAGE-LIST] Switching channels: D9C6LVD09 timestamps: 0
info: Feb-22 00:41:50.654 [MESSAGE-LIST] requestAround channelId: D9C6LVD09 isLoading: false timestamps: 0 reachedStart: false reachedEnd: false
info: Feb-22 00:41:50.655 [HISTORY-FETCH] Fetching history for message pane: D9C6LVD09
info: Feb-22 00:41:50.660 [MESSAGE-LIST] requestAround channelId: D9C6LVD09 isLoading: false timestamps: 0 reachedStart: false reachedEnd: false
info: Feb-22 00:41:50.660 [MESSAGE-LIST] requestAround channelId: D9C6LVD09 isLoading: false timestamps: 0 reachedStart: false reachedEnd: false
info: Feb-22 00:41:50.707 [MESSAGE-LIST] componentWillReceiveProps isLoading: true isLoadingOlder: null timestamps: 0
info: Feb-22 00:41:51.139 [MESSAGE-LIST] componentWillReceiveProps isLoading: false isLoadingOlder: false timestamps: 0
info: Feb-22 00:41:51.398 [CHECK-UNREADS] unreadLineVisible updated: false -> true
info: Feb-22 00:41:51.773 [CHECK-UNREADS] Checking unreads after unread line became visible
info: Feb-22 00:41:51.773 [CHECK-UNREADS] Marking D9C6LVD09 because unread line is visible
info: Feb-22 00:41:51.778 [UNREAD-COUNTS] Counting unreads in D9C6LVD09 because last_read changed to 1519245656.000000
info: Feb-22 00:41:52.634 [ACTION:CHANNEL-SIDEBAR] Selected C9C6M00P3
info: Feb-22 00:41:52.712 [MESSAGE-LIST] Switching channels: C9C6M00P3 timestamps: 0
info: Feb-22 00:41:52.713 [MESSAGE-LIST] requestAround channelId: C9C6M00P3 isLoading: false timestamps: 0 reachedStart: false reachedEnd: false
info: Feb-22 00:41:52.714 [HISTORY-FETCH] Fetching history for message pane: C9C6M00P3
info: Feb-22 00:41:52.718 [MESSAGE-LIST] requestAround channelId: C9C6M00P3 isLoading: false timestamps: 0 reachedStart: false reachedEnd: false
info: Feb-22 00:41:52.719 [MESSAGE-LIST] requestAround channelId: C9C6M00P3 isLoading: false timestamps: 0 reachedStart: false reachedEnd: false
info: Feb-22 00:41:52.781 [MESSAGE-LIST] componentWillReceiveProps isLoading: true isLoadingOlder: null timestamps: 0
info: Feb-22 00:41:53.194 [UNREAD-COUNTS] Counting unreads in C9C6M00P3 because (1) timestamps added
info: Feb-22 00:41:53.195 [UNREAD-COUNTS] Checking unreads in C9C6M00P3 after a new message
info: Feb-22 00:41:53.196 [CHECK-UNREADS] Marking C9C6M00P3 because channel is read and last message is from self
info: Feb-22 00:41:53.202 [UNREAD-COUNTS] Counting unreads in C9C6M00P3 because last_read changed to 1519245628.000094
info: Feb-22 00:41:53.219 [MESSAGE-LIST] componentWillReceiveProps isLoading: false isLoadingOlder: false timestamps: 1
info: Feb-22 00:41:53.265 [CHECK-UNREADS] unreadLineVisible updated: false -> true
info: Feb-22 00:41:53.634 [CHECK-UNREADS] Checking unreads after unread line became visible
info: Feb-22 00:41:53.635 [CHECK-UNREADS] Not marking C9C6M00P3 because last_read >= latest && channel is read
info: Feb-22 00:42:00.664 [FOCUS-EVENT] Window blurred
